Using pre-set license
Built from '2020.3/staging' branch; Version is '2020.3.11f1 (99c7afb366b3) revision 10078127'; Using compiler version '192528614'; Build Type 'Release'
OS: 'Windows 10 Home Single Language; OS build 19042.1110; Version 2009; 64bit' Language: 'en' Physical Memory: 8058 MB
BatchMode: 1, IsHumanControllingUs: 0, StartBugReporterOnCrash: 0, Is64bit: 1, IsPro: 0

 COMMAND LINE ARGUMENTS:
C:\Program Files\Unity\Hub\Editor\2020.3.11f1\Editor\Unity.exe
-adb2
-batchMode
-noUpm
-name
AssetImportWorker53
-projectPath
C:/xampp/htdocs/Games/speedrace_pro
-logFile
Logs/AssetImportWorker53.log
-srvPort
65504
Successfully changed project path to: C:/xampp/htdocs/Games/speedrace_pro
C:/xampp/htdocs/Games/speedrace_pro
Using Asset Import Pipeline V2.
Refreshing native plugins compatible for Editor in 212.28 ms, found 2 plugins.
Preloading 0 native plugins for Editor in 0.00 ms.
Initialize engine version: 2020.3.11f1 (99c7afb366b3)
[Subsystems] Discovering subsystems at path C:/Program Files/Unity/Hub/Editor/2020.3.11f1/Editor/Data/Resources/UnitySubsystems
[Subsystems] Discovering subsystems at path C:/xampp/htdocs/Games/speedrace_pro/Assets
GfxDevice: creating device client; threaded=0
Direct3D:
    Version:  Direct3D 11.0 [level 11.1]
    Renderer: Intel(R) UHD Graphics 620 (ID=0x5917)
    Vendor:   
    VRAM:     4029 MB
    Driver:   23.20.16.4973
Initialize mono
Mono path[0] = 'C:/Program Files/Unity/Hub/Editor/2020.3.11f1/Editor/Data/Managed'
Mono path[1] = 'C:/Program Files/Unity/Hub/Editor/2020.3.11f1/Editor/Data/MonoBleedingEdge/lib/mono/unityjit'
Mono config path = 'C:/Program Files/Unity/Hub/Editor/2020.3.11f1/Editor/Data/MonoBleedingEdge/etc'
Using monoOptions --debugger-agent=transport=dt_socket,embedding=1,server=y,suspend=n,address=127.0.0.1:56820
Begin MonoManager ReloadAssembly
Registering precompiled unity dll's ...
Register platform support module: C:/Program Files/Unity/Hub/Editor/2020.3.11f1/Editor/Data/PlaybackEngines/WebGLSupport/UnityEditor.WebGL.Extensions.dll
Register platform support module: C:/Program Files/Unity/Hub/Editor/2020.3.11f1/Editor/Data/PlaybackEngines/WindowsStandaloneSupport/UnityEditor.WindowsStandalone.Extensions.dll
Registered in 0.005715 seconds.
Native extension for WindowsStandalone target not found
Native extension for WebGL target not found
Refreshing native plugins compatible for Editor in 111.46 ms, found 2 plugins.
Preloading 0 native plugins for Editor in 0.00 ms.
Mono: successfully reloaded assembly
- Completed reload, in  3.438 seconds
Platform modules already initialized, skipping
Registering precompiled user dll's ...
Registered in 0.009788 seconds.
Begin MonoManager ReloadAssembly
Native extension for WindowsStandalone target not found
Native extension for WebGL target not found
Refreshing native plugins compatible for Editor in 0.89 ms, found 2 plugins.
Preloading 0 native plugins for Editor in 0.00 ms.
Mono: successfully reloaded assembly
- Completed reload, in  3.164 seconds
Platform modules already initialized, skipping
========================================================================
Worker process is ready to serve import requests
Launched and connected shader compiler UnityShaderCompiler.exe after 1.52 seconds
Refreshing native plugins compatible for Editor in 2.02 ms, found 2 plugins.
Preloading 0 native plugins for Editor in 0.00 ms.
Unloading 1442 Unused Serialized files (Serialized files now loaded: 0)
System memory in use before: 84.0 MB.
System memory in use after: 84.1 MB.

Unloading 18 unused Assets to reduce memory usage. Loaded Objects now: 1907.
Total: 8.247800 ms (FindLiveObjects: 1.142300 ms CreateObjectMapping: 0.225900 ms MarkObjects: 6.531700 ms  DeleteObjects: 0.340300 ms)

========================================================================
Received Import Request.
  path: Assets/Level 2.unity
  artifactKey: Guid(0b0e597dad5954e2681f4e29a7b28bd3) Importer(815301076,1909f56bfc062723c751e8b465ee728b)
Start importing Assets/Level 2.unity using Guid(0b0e597dad5954e2681f4e29a7b28bd3) Importer(815301076,1909f56bfc062723c751e8b465ee728b)  -> (artifact id: '0f2157cddfb357bc25d11b7f670febb2') in 1.363298 seconds
  Import took 1.457985 seconds .

========================================================================
Received Import Request.
  Time since last request: 0.000691 seconds.
  path: Assets/LevelTwo.unity
  artifactKey: Guid(4e8ab18386eb9fa49a214e473306f71f) Importer(815301076,1909f56bfc062723c751e8b465ee728b)
Start importing Assets/LevelTwo.unity using Guid(4e8ab18386eb9fa49a214e473306f71f) Importer(815301076,1909f56bfc062723c751e8b465ee728b)  -> (artifact id: '19b0342dacdd24ac19c655cee7273068') in 0.004913 seconds
  Import took 0.010504 seconds .

========================================================================
Received Import Request.
  Time since last request: 0.000492 seconds.
  path: Assets/New Terrain 1.asset
  artifactKey: Guid(38936fa33c384f9498dd9fa847db79d3) Importer(815301076,1909f56bfc062723c751e8b465ee728b)
Start importing Assets/New Terrain 1.asset using Guid(38936fa33c384f9498dd9fa847db79d3) Importer(815301076,1909f56bfc062723c751e8b465ee728b)  -> (artifact id: '3f661bc8f8fcd1fecb62567006f6347e') in 2.756918 seconds
  Import took 2.880768 seconds .

========================================================================
Received Import Request.
  Time since last request: 0.000883 seconds.
  path: Assets/New Terrain.asset
  artifactKey: Guid(050e70b498cf2f7428062d1b95eebf1f) Importer(815301076,1909f56bfc062723c751e8b465ee728b)
Start importing Assets/New Terrain.asset using Guid(050e70b498cf2f7428062d1b95eebf1f) Importer(815301076,1909f56bfc062723c751e8b465ee728b)  -> (artifact id: 'd58a22cd7202375dbbaa419fb797c72e') in 0.319228 seconds
  Import took 0.355447 seconds .

========================================================================
Received Import Request.
  Time since last request: 0.001754 seconds.
  path: Assets/New Terrain 2.asset
  artifactKey: Guid(c4aa40025c8c34921b65b38afa661df7) Importer(815301076,1909f56bfc062723c751e8b465ee728b)
Start importing Assets/New Terrain 2.asset using Guid(c4aa40025c8c34921b65b38afa661df7) Importer(815301076,1909f56bfc062723c751e8b465ee728b) The tree Tree prefab couldn't be instanced because the prefab contains no valid mesh renderer.

The tree tree_01 couldn't be instanced because the prefab contains no valid mesh renderer.

 -> (artifact id: 'c5c3557aa122a09df5599e63dcbfc190') in 0.596003 seconds
  Import took 0.735294 seconds .

========================================================================
Received Import Request.
  Time since last request: 0.001501 seconds.
  path: Assets/MenuBackground.jpg
  artifactKey: Guid(0c109c96a7bf83d47a7119cae9af4094) Importer(815301076,1909f56bfc062723c751e8b465ee728b)
Start importing Assets/MenuBackground.jpg using Guid(0c109c96a7bf83d47a7119cae9af4094) Importer(815301076,1909f56bfc062723c751e8b465ee728b)  -> (artifact id: 'b7390c9c4485e880120fdd17dc034173') in 2.635250 seconds
  Import took 2.717586 seconds .

========================================================================
Received Import Request.
  Time since last request: 0.000679 seconds.
  path: Assets/LevelOne.unity
  artifactKey: Guid(b208f53a4dbe3624e92b64f075dfbfa2) Importer(815301076,1909f56bfc062723c751e8b465ee728b)
Start importing Assets/LevelOne.unity using Guid(b208f53a4dbe3624e92b64f075dfbfa2) Importer(815301076,1909f56bfc062723c751e8b465ee728b)  -> (artifact id: '531c839f98544ce3a6be29fe07852d11') in 0.016613 seconds
  Import took 0.046076 seconds .

========================================================================
Received Import Request.
  Time since last request: 0.000618 seconds.
  path: Assets/New Terrain 3.asset
  artifactKey: Guid(6f9795fb48c1746ff85ab9e39bba3383) Importer(815301076,1909f56bfc062723c751e8b465ee728b)
Start importing Assets/New Terrain 3.asset using Guid(6f9795fb48c1746ff85ab9e39bba3383) Importer(815301076,1909f56bfc062723c751e8b465ee728b)  -> (artifact id: 'a82f8231e47cdce7411afaa7be9e3880') in 0.138285 seconds
  Import took 0.143082 seconds .

========================================================================
Received Prepare
Refreshing native plugins compatible for Editor in 95.85 ms, found 2 plugins.
Preloading 0 native plugins for Editor in 0.00 ms.
Unloading 11 Unused Serialized files (Serialized files now loaded: 0)
System memory in use before: 58.0 MB.
System memory in use after: 58.1 MB.

Unloading 11 unused Assets to reduce memory usage. Loaded Objects now: 1914.
Total: 10.620900 ms (FindLiveObjects: 0.495000 ms CreateObjectMapping: 0.159500 ms MarkObjects: 9.900700 ms  DeleteObjects: 0.060400 ms)

========================================================================
Received Prepare
Registering precompiled user dll's ...
Registered in 0.674915 seconds.
Begin MonoManager ReloadAssembly
Native extension for WindowsStandalone target not found
Native extension for WebGL target not found
Refreshing native plugins compatible for Editor in 46.07 ms, found 2 plugins.
Preloading 0 native plugins for Editor in 0.00 ms.
Mono: successfully reloaded assembly
- Completed reload, in  4.801 seconds
Platform modules already initialized, skipping
Refreshing native plugins compatible for Editor in 0.64 ms, found 2 plugins.
Preloading 0 native plugins for Editor in 0.00 ms.
Unloading 1423 Unused Serialized files (Serialized files now loaded: 0)
System memory in use before: 85.9 MB.
System memory in use after: 86.0 MB.

Unloading 13 unused Assets to reduce memory usage. Loaded Objects now: 1917.
Total: 129.071500 ms (FindLiveObjects: 0.337200 ms CreateObjectMapping: 0.104100 ms MarkObjects: 128.593000 ms  DeleteObjects: 0.034300 ms)

========================================================================
Received Prepare
Registering precompiled user dll's ...
Registered in 0.740494 seconds.
Begin MonoManager ReloadAssembly
Native extension for WindowsStandalone target not found
Native extension for WebGL target not found
Refreshing native plugins compatible for Editor in 0.40 ms, found 2 plugins.
Preloading 0 native plugins for Editor in 0.00 ms.
Mono: successfully reloaded assembly
- Completed reload, in  3.008 seconds
Platform modules already initialized, skipping
Refreshing native plugins compatible for Editor in 1.53 ms, found 2 plugins.
Preloading 0 native plugins for Editor in 0.00 ms.
Unloading 1423 Unused Serialized files (Serialized files now loaded: 0)
System memory in use before: 85.9 MB.
System memory in use after: 86.1 MB.

Unloading 13 unused Assets to reduce memory usage. Loaded Objects now: 1920.
Total: 3.804000 ms (FindLiveObjects: 0.225900 ms CreateObjectMapping: 0.072400 ms MarkObjects: 3.471100 ms  DeleteObjects: 0.032200 ms)

========================================================================
Received Import Request.
  Time since last request: 8310.793814 seconds.
  path: Assets/ARCADE - FREE Racing Car
  artifactKey: Guid(a164f9efc6b225143baaffff269c01ca) Importer(815301076,1909f56bfc062723c751e8b465ee728b)
Start importing Assets/ARCADE - FREE Racing Car using Guid(a164f9efc6b225143baaffff269c01ca) Importer(815301076,1909f56bfc062723c751e8b465ee728b)  -> (artifact id: '29de321616ce0409e283cf8e61acba49') in 0.024752 seconds
  Import took 0.063165 seconds .

========================================================================
Received Import Request.
  Time since last request: 1.583051 seconds.
  path: Assets/ARCADE - FREE Racing Car/More cars.png
  artifactKey: Guid(d12c0013fcfea9e4a9ee272bfaaec870) Importer(815301076,1909f56bfc062723c751e8b465ee728b)
Start importing Assets/ARCADE - FREE Racing Car/More cars.png using Guid(d12c0013fcfea9e4a9ee272bfaaec870) Importer(815301076,1909f56bfc062723c751e8b465ee728b)  -> (artifact id: '6b3f9b28367311a1cdeb7c3114fa18ef') in 0.710321 seconds
  Import took 0.750184 seconds .

========================================================================
Received Import Request.
  Time since last request: 0.000318 seconds.
  path: Assets/ARCADE - FREE Racing Car/Prefabs
  artifactKey: Guid(87eba6af4c0e3ef4592345ff00d6be5f) Importer(815301076,1909f56bfc062723c751e8b465ee728b)
Start importing Assets/ARCADE - FREE Racing Car/Prefabs using Guid(87eba6af4c0e3ef4592345ff00d6be5f) Importer(815301076,1909f56bfc062723c751e8b465ee728b)  -> (artifact id: '993ba5649f923d2906b749cd775c0227') in 0.004970 seconds
  Import took 0.019849 seconds .

========================================================================
Received Import Request.
  Time since last request: 1.332785 seconds.
  path: Assets/ARCADE - FREE Racing Car/Prefabs/Free_Racing_Car_Blue.prefab
  artifactKey: Guid(6dfc700a1205ddf49b448178a2b00e98) Importer(815301076,1909f56bfc062723c751e8b465ee728b)
Start importing Assets/ARCADE - FREE Racing Car/Prefabs/Free_Racing_Car_Blue.prefab using Guid(6dfc700a1205ddf49b448178a2b00e98) Importer(815301076,1909f56bfc062723c751e8b465ee728b)  -> (artifact id: '1115a8dc39b2649bfa3c332691a77391') in 2.714225 seconds
  Import took 2.737709 seconds .

========================================================================
Received Import Request.
  Time since last request: 0.000423 seconds.
  path: Assets/ARCADE - FREE Racing Car/Prefabs/Free_Racing_Car_Yellow.prefab
  artifactKey: Guid(400ae1c92d3d7164c98601f4394b0931) Importer(815301076,1909f56bfc062723c751e8b465ee728b)
Start importing Assets/ARCADE - FREE Racing Car/Prefabs/Free_Racing_Car_Yellow.prefab using Guid(400ae1c92d3d7164c98601f4394b0931) Importer(815301076,1909f56bfc062723c751e8b465ee728b)  -> (artifact id: '2258426763ddc8ec8479672365690d4d') in 0.140725 seconds
  Import took 0.162990 seconds .

========================================================================
Received Import Request.
  Time since last request: 0.000234 seconds.
  path: Assets/ARCADE - FREE Racing Car/Prefabs/Free_Racing_Car_Carbon.prefab
  artifactKey: Guid(0f7265637d2c58d49a57253b2879a946) Importer(815301076,1909f56bfc062723c751e8b465ee728b)
Start importing Assets/ARCADE - FREE Racing Car/Prefabs/Free_Racing_Car_Carbon.prefab using Guid(0f7265637d2c58d49a57253b2879a946) Importer(815301076,1909f56bfc062723c751e8b465ee728b)  -> (artifact id: '111f7cee09264ed3d923fd774d41563a') in 0.089983 seconds
  Import took 0.111084 seconds .

========================================================================
Received Import Request.
  Time since last request: 0.000284 seconds.
  path: Assets/ARCADE - FREE Racing Car/Prefabs/Free_Racing_Car_Gray.prefab
  artifactKey: Guid(f8c4c684ae669b44b92b76f083b3d84d) Importer(815301076,1909f56bfc062723c751e8b465ee728b)
Start importing Assets/ARCADE - FREE Racing Car/Prefabs/Free_Racing_Car_Gray.prefab using Guid(f8c4c684ae669b44b92b76f083b3d84d) Importer(815301076,1909f56bfc062723c751e8b465ee728b)  -> (artifact id: 'd5943f1b9c498179cb856674f5110d44') in 0.020810 seconds
  Import took 0.033220 seconds .

========================================================================
Received Import Request.
  Time since last request: 0.000460 seconds.
  path: Assets/ARCADE - FREE Racing Car/Prefabs/Free_Racing_Car_Red.prefab
  artifactKey: Guid(b471b549ed0cf0b42b15b41a16e07b88) Importer(815301076,1909f56bfc062723c751e8b465ee728b)
Start importing Assets/ARCADE - FREE Racing Car/Prefabs/Free_Racing_Car_Red.prefab using Guid(b471b549ed0cf0b42b15b41a16e07b88) Importer(815301076,1909f56bfc062723c751e8b465ee728b)  -> (artifact id: 'df69a99eb93dd0b9099c6aba60da5221') in 0.102187 seconds
  Import took 0.125768 seconds .

========================================================================
Received Import Request.
  Time since last request: 0.000469 seconds.
  path: Assets/ARCADE - FREE Racing Car/Prefabs/Free_Racing_Car_Gray.prefab
  artifactKey: Guid(f8c4c684ae669b44b92b76f083b3d84d) Importer(815301076,1909f56bfc062723c751e8b465ee728b)
Start importing Assets/ARCADE - FREE Racing Car/Prefabs/Free_Racing_Car_Gray.prefab using Guid(f8c4c684ae669b44b92b76f083b3d84d) Importer(815301076,1909f56bfc062723c751e8b465ee728b)  -> (artifact id: 'd5943f1b9c498179cb856674f5110d44') in 0.020208 seconds
  Import took 0.037020 seconds .

========================================================================
Received Import Request.
  Time since last request: 289.265628 seconds.
  path: Assets/LevelOne.unity
  artifactKey: Guid(b208f53a4dbe3624e92b64f075dfbfa2) Importer(815301076,1909f56bfc062723c751e8b465ee728b)
Start importing Assets/LevelOne.unity using Guid(b208f53a4dbe3624e92b64f075dfbfa2) Importer(815301076,1909f56bfc062723c751e8b465ee728b)  -> (artifact id: '817dff24d917f8133a24c83677ea560c') in 0.006667 seconds
  Import took 0.064471 seconds .

========================================================================
Received Import Request.
  Time since last request: 56.308186 seconds.
  path: Assets/Tree_Textures
  artifactKey: Guid(a7efe52cd70e46b4abcb1421309dc81d) Importer(815301076,1909f56bfc062723c751e8b465ee728b)
Start importing Assets/Tree_Textures using Guid(a7efe52cd70e46b4abcb1421309dc81d) Importer(815301076,1909f56bfc062723c751e8b465ee728b)  -> (artifact id: '622dbd163ed1dcc2b963e48fe48bea97') in 0.031376 seconds
  Import took 0.062054 seconds .

========================================================================
Received Import Request.
  Time since last request: 0.743178 seconds.
  path: Assets/Animation
  artifactKey: Guid(d8ea2790e71bb724ab0e78f80d26c4ee) Importer(815301076,1909f56bfc062723c751e8b465ee728b)
Start importing Assets/Animation using Guid(d8ea2790e71bb724ab0e78f80d26c4ee) Importer(815301076,1909f56bfc062723c751e8b465ee728b)  -> (artifact id: '76180ad2b5472549bcd2105afb25b78e') in 4.957845 seconds
  Import took 5.004291 seconds .

