Using pre-set license
Built from '2020.3/staging' branch; Version is '2020.3.11f1 (99c7afb366b3) revision 10078127'; Using compiler version '192528614'; Build Type 'Release'
OS: 'Windows 10 Home Single Language; OS build 19042.1110; Version 2009; 64bit' Language: 'en' Physical Memory: 8058 MB
BatchMode: 1, IsHumanControllingUs: 0, StartBugReporterOnCrash: 0, Is64bit: 1, IsPro: 0

 COMMAND LINE ARGUMENTS:
C:\Program Files\Unity\Hub\Editor\2020.3.11f1\Editor\Unity.exe
-adb2
-batchMode
-noUpm
-name
AssetImportWorker0
-projectPath
C:/xampp/htdocs/Games/speedrace_pro
-logFile
Logs/AssetImportWorker0.log
-srvPort
56812
Successfully changed project path to: C:/xampp/htdocs/Games/speedrace_pro
C:/xampp/htdocs/Games/speedrace_pro
Using Asset Import Pipeline V2.
Refreshing native plugins compatible for Editor in 147.25 ms, found 2 plugins.
Preloading 0 native plugins for Editor in 0.00 ms.
Initialize engine version: 2020.3.11f1 (99c7afb366b3)
[Subsystems] Discovering subsystems at path C:/Program Files/Unity/Hub/Editor/2020.3.11f1/Editor/Data/Resources/UnitySubsystems
[Subsystems] Discovering subsystems at path C:/xampp/htdocs/Games/speedrace_pro/Assets
GfxDevice: creating device client; threaded=0
Direct3D:
    Version:  Direct3D 11.0 [level 11.1]
    Renderer: Intel(R) UHD Graphics 620 (ID=0x5917)
    Vendor:   
    VRAM:     4029 MB
    Driver:   23.20.16.4973
Initialize mono
Mono path[0] = 'C:/Program Files/Unity/Hub/Editor/2020.3.11f1/Editor/Data/Managed'
Mono path[1] = 'C:/Program Files/Unity/Hub/Editor/2020.3.11f1/Editor/Data/MonoBleedingEdge/lib/mono/unityjit'
Mono config path = 'C:/Program Files/Unity/Hub/Editor/2020.3.11f1/Editor/Data/MonoBleedingEdge/etc'
Using monoOptions --debugger-agent=transport=dt_socket,embedding=1,server=y,suspend=n,address=127.0.0.1:56000
Begin MonoManager ReloadAssembly
Registering precompiled unity dll's ...
Register platform support module: C:/Program Files/Unity/Hub/Editor/2020.3.11f1/Editor/Data/PlaybackEngines/WebGLSupport/UnityEditor.WebGL.Extensions.dll
Register platform support module: C:/Program Files/Unity/Hub/Editor/2020.3.11f1/Editor/Data/PlaybackEngines/WindowsStandaloneSupport/UnityEditor.WindowsStandalone.Extensions.dll
Registered in 0.005280 seconds.
Native extension for WindowsStandalone target not found
Native extension for WebGL target not found
Refreshing native plugins compatible for Editor in 75.00 ms, found 2 plugins.
Preloading 0 native plugins for Editor in 0.00 ms.
Mono: successfully reloaded assembly
- Completed reload, in  3.499 seconds
Platform modules already initialized, skipping
Registering precompiled user dll's ...
Registered in 0.010214 seconds.
Begin MonoManager ReloadAssembly
Native extension for WindowsStandalone target not found
Native extension for WebGL target not found
Refreshing native plugins compatible for Editor in 0.64 ms, found 2 plugins.
Preloading 0 native plugins for Editor in 0.00 ms.
Mono: successfully reloaded assembly
- Completed reload, in  2.711 seconds
Platform modules already initialized, skipping
========================================================================
Worker process is ready to serve import requests
Launched and connected shader compiler UnityShaderCompiler.exe after 0.14 seconds
Refreshing native plugins compatible for Editor in 0.69 ms, found 2 plugins.
Preloading 0 native plugins for Editor in 0.00 ms.
Unloading 1438 Unused Serialized files (Serialized files now loaded: 0)
System memory in use before: 83.9 MB.
System memory in use after: 83.9 MB.

Unloading 19 unused Assets to reduce memory usage. Loaded Objects now: 1898.
Total: 4.329600 ms (FindLiveObjects: 0.681200 ms CreateObjectMapping: 0.267200 ms MarkObjects: 3.151800 ms  DeleteObjects: 0.212700 ms)

========================================================================
Received Import Request.
  path: Assets/European Buildings/FBX/road_intersection_L.fbx
  artifactKey: Guid(13033d03b295a4d4f97dc7bff9c15d17) Importer(815301076,1909f56bfc062723c751e8b465ee728b)
Start importing Assets/European Buildings/FBX/road_intersection_L.fbx using Guid(13033d03b295a4d4f97dc7bff9c15d17) Importer(815301076,1909f56bfc062723c751e8b465ee728b)  -> (artifact id: '42b3b0d836abc9ad559061e306e6b8f4') in 3.049865 seconds
  Import took 3.057108 seconds .

========================================================================
Received Import Request.
  Time since last request: 0.000603 seconds.
  path: Assets/European Buildings/FBX/road_stop.fbx
  artifactKey: Guid(ef8a14d9eda036f4caa970427c903ca3) Importer(815301076,1909f56bfc062723c751e8b465ee728b)
Start importing Assets/European Buildings/FBX/road_stop.fbx using Guid(ef8a14d9eda036f4caa970427c903ca3) Importer(815301076,1909f56bfc062723c751e8b465ee728b)  -> (artifact id: '6e54385bd9699e18812c944744e37c92') in 0.045105 seconds
  Import took 0.162233 seconds .

========================================================================
Received Import Request.
  Time since last request: 0.000484 seconds.
  path: Assets/European Buildings/FBX/sign_4.fbx
  artifactKey: Guid(1114a633d1086ed47b5b65d883ebb1a0) Importer(815301076,1909f56bfc062723c751e8b465ee728b)
Start importing Assets/European Buildings/FBX/sign_4.fbx using Guid(1114a633d1086ed47b5b65d883ebb1a0) Importer(815301076,1909f56bfc062723c751e8b465ee728b)  -> (artifact id: 'db7a1225dcea2d753bb94d510eeaf783') in 0.103264 seconds
  Import took 0.113416 seconds .

========================================================================
Received Import Request.
  Time since last request: 0.000490 seconds.
  path: Assets/European Buildings/FBX/street_lamp_3.fbx
  artifactKey: Guid(c3e98c0b08fa66348a129dd0b0966cce) Importer(815301076,1909f56bfc062723c751e8b465ee728b)
Start importing Assets/European Buildings/FBX/street_lamp_3.fbx using Guid(c3e98c0b08fa66348a129dd0b0966cce) Importer(815301076,1909f56bfc062723c751e8b465ee728b)  -> (artifact id: 'df3097e17a3740546d25ea9af1d45dbb') in 0.191138 seconds
  Import took 0.216504 seconds .

========================================================================
Received Import Request.
  Time since last request: 0.000860 seconds.
  path: Assets/European Buildings/FBX/bench_1_v_3.fbx
  artifactKey: Guid(c692ea7bbde4c614aab0b82a35366854) Importer(815301076,1909f56bfc062723c751e8b465ee728b)
Start importing Assets/European Buildings/FBX/bench_1_v_3.fbx using Guid(c692ea7bbde4c614aab0b82a35366854) Importer(815301076,1909f56bfc062723c751e8b465ee728b)  -> (artifact id: 'dbe954f4afc09d7e9c4b12720461e160') in 0.159549 seconds
  Import took 0.170497 seconds .

========================================================================
Received Import Request.
  Time since last request: 0.000683 seconds.
  path: Assets/European Buildings/FBX/chair.fbx
  artifactKey: Guid(796d369d8ad4a0a409c12d4f1cd6dad7) Importer(815301076,1909f56bfc062723c751e8b465ee728b)
Start importing Assets/European Buildings/FBX/chair.fbx using Guid(796d369d8ad4a0a409c12d4f1cd6dad7) Importer(815301076,1909f56bfc062723c751e8b465ee728b)  -> (artifact id: '5006cc1a10ffdb90a19f71f92d1a6c6f') in 0.180262 seconds
  Import took 0.195533 seconds .

========================================================================
Received Import Request.
  Time since last request: 0.000376 seconds.
  path: Assets/European Buildings/FBX/fence_1.fbx
  artifactKey: Guid(6eeba2244a6b65644a7b2ae81bd60c13) Importer(815301076,1909f56bfc062723c751e8b465ee728b)
Start importing Assets/European Buildings/FBX/fence_1.fbx using Guid(6eeba2244a6b65644a7b2ae81bd60c13) Importer(815301076,1909f56bfc062723c751e8b465ee728b)  -> (artifact id: '08d6f386aa2430fc7199ec28f30edcfa') in 6.077394 seconds
  Import took 6.138036 seconds .

========================================================================
Received Import Request.
  Time since last request: 0.000567 seconds.
  path: Assets/European Buildings/FBX/building_7.fbx
  artifactKey: Guid(6d75e2d5936dd69428c33f6dc7f1f195) Importer(815301076,1909f56bfc062723c751e8b465ee728b)
Start importing Assets/European Buildings/FBX/building_7.fbx using Guid(6d75e2d5936dd69428c33f6dc7f1f195) Importer(815301076,1909f56bfc062723c751e8b465ee728b)  -> (artifact id: '0db697ea7a840bdabf758fd061c2275a') in 0.203769 seconds
  Import took 0.214922 seconds .

========================================================================
Received Import Request.
  Time since last request: 0.000452 seconds.
  path: Assets/European Buildings/FBX/bench_2_v_1.fbx
  artifactKey: Guid(cc76394d64b1712439fc00a055ecf92d) Importer(815301076,1909f56bfc062723c751e8b465ee728b)
Start importing Assets/European Buildings/FBX/bench_2_v_1.fbx using Guid(cc76394d64b1712439fc00a055ecf92d) Importer(815301076,1909f56bfc062723c751e8b465ee728b)  -> (artifact id: '14dd3ffc84e383cbb9a7fe34dc0990bc') in 0.099438 seconds
  Import took 0.105819 seconds .

========================================================================
Received Import Request.
  Time since last request: 0.000446 seconds.
  path: Assets/European Buildings/FBX/fence_2.fbx
  artifactKey: Guid(5af53b4efce248243930b4e0cbc2ee2e) Importer(815301076,1909f56bfc062723c751e8b465ee728b)
Start importing Assets/European Buildings/FBX/fence_2.fbx using Guid(5af53b4efce248243930b4e0cbc2ee2e) Importer(815301076,1909f56bfc062723c751e8b465ee728b)  -> (artifact id: '5fd4f9e0423a05fc7a3ddcc6e8fcb22e') in 0.041577 seconds
  Import took 0.047234 seconds .

========================================================================
Received Import Request.
  Time since last request: 0.000397 seconds.
  path: Assets/European Buildings/FBX/bench_1_v_1.fbx
  artifactKey: Guid(de236625f28dd0a40abf627724006586) Importer(815301076,1909f56bfc062723c751e8b465ee728b)
Start importing Assets/European Buildings/FBX/bench_1_v_1.fbx using Guid(de236625f28dd0a40abf627724006586) Importer(815301076,1909f56bfc062723c751e8b465ee728b)  -> (artifact id: '43fd238c1200073d13698e8a0339dbf6') in 0.023957 seconds
  Import took 0.040909 seconds .

========================================================================
Received Import Request.
  Time since last request: 0.000461 seconds.
  path: Assets/European Buildings/FBX/building_3.fbx
  artifactKey: Guid(4745f1ac0883e6048bc0591f23f74a1d) Importer(815301076,1909f56bfc062723c751e8b465ee728b)
Start importing Assets/European Buildings/FBX/building_3.fbx using Guid(4745f1ac0883e6048bc0591f23f74a1d) Importer(815301076,1909f56bfc062723c751e8b465ee728b)  -> (artifact id: 'e1daaa08da76aabe9e849e3ad102018a') in 0.098101 seconds
  Import took 0.106892 seconds .

========================================================================
Received Import Request.
  Time since last request: 0.000840 seconds.
  path: Assets/European Buildings/FBX/building_6.fbx
  artifactKey: Guid(fe96651be7d34ed4584e141673fcb71b) Importer(815301076,1909f56bfc062723c751e8b465ee728b)
Start importing Assets/European Buildings/FBX/building_6.fbx using Guid(fe96651be7d34ed4584e141673fcb71b) Importer(815301076,1909f56bfc062723c751e8b465ee728b)  -> (artifact id: '21c9809cc6a2e7096dbf6cba6903635a') in 0.148301 seconds
  Import took 0.158636 seconds .

========================================================================
Received Import Request.
  Time since last request: 0.000752 seconds.
  path: Assets/European Buildings/FBX/sign_3.fbx
  artifactKey: Guid(edcfdc438ee553d47827360e135d1070) Importer(815301076,1909f56bfc062723c751e8b465ee728b)
Start importing Assets/European Buildings/FBX/sign_3.fbx using Guid(edcfdc438ee553d47827360e135d1070) Importer(815301076,1909f56bfc062723c751e8b465ee728b)  -> (artifact id: '97e55724449df6acf600953b9604f998') in 0.062661 seconds
  Import took 0.072996 seconds .

========================================================================
Received Import Request.
  Time since last request: 0.000771 seconds.
  path: Assets/European Buildings/FBX/umbrella.fbx
  artifactKey: Guid(3355213e487f5394481a42d200e00864) Importer(815301076,1909f56bfc062723c751e8b465ee728b)
Start importing Assets/European Buildings/FBX/umbrella.fbx using Guid(3355213e487f5394481a42d200e00864) Importer(815301076,1909f56bfc062723c751e8b465ee728b)  -> (artifact id: '4e67698e68cfc9bb56fce672687167ce') in 0.085472 seconds
  Import took 0.105168 seconds .

========================================================================
Received Import Request.
  Time since last request: 0.000459 seconds.
  path: Assets/European Buildings/FBX/sign_1.fbx
  artifactKey: Guid(09d08c5d16aaee14c86a7a5ba441c34e) Importer(815301076,1909f56bfc062723c751e8b465ee728b)
Start importing Assets/European Buildings/FBX/sign_1.fbx using Guid(09d08c5d16aaee14c86a7a5ba441c34e) Importer(815301076,1909f56bfc062723c751e8b465ee728b)  -> (artifact id: '1b1cb1536c89061b567c556fb14867c1') in 0.040240 seconds
  Import took 0.066091 seconds .

========================================================================
Received Import Request.
  Time since last request: 0.000510 seconds.
  path: Assets/European Buildings/FBX/road_crosswalk.fbx
  artifactKey: Guid(57ea8f2acadfaa9439bc68a9aea24650) Importer(815301076,1909f56bfc062723c751e8b465ee728b)
Start importing Assets/European Buildings/FBX/road_crosswalk.fbx using Guid(57ea8f2acadfaa9439bc68a9aea24650) Importer(815301076,1909f56bfc062723c751e8b465ee728b)  -> (artifact id: 'f89877db68ede51556444476cffe509b') in 0.023799 seconds
  Import took 0.031020 seconds .

========================================================================
Received Import Request.
  Time since last request: 0.000339 seconds.
  path: Assets/European Buildings/FBX/street_lamp_1.fbx
  artifactKey: Guid(739036cec282eb7438e8bcc5e60a50f2) Importer(815301076,1909f56bfc062723c751e8b465ee728b)
Start importing Assets/European Buildings/FBX/street_lamp_1.fbx using Guid(739036cec282eb7438e8bcc5e60a50f2) Importer(815301076,1909f56bfc062723c751e8b465ee728b)  -> (artifact id: '1855865da32f6026180ed0c137c20ab9') in 0.049826 seconds
  Import took 0.072188 seconds .

========================================================================
Received Import Request.
  Time since last request: 0.000328 seconds.
  path: Assets/European Buildings/FBX/patio_platform.fbx
  artifactKey: Guid(36fc8dd22b4951e4598c1b96a7617f61) Importer(815301076,1909f56bfc062723c751e8b465ee728b)
Start importing Assets/European Buildings/FBX/patio_platform.fbx using Guid(36fc8dd22b4951e4598c1b96a7617f61) Importer(815301076,1909f56bfc062723c751e8b465ee728b)  -> (artifact id: '7a646c0d566c49aaea6ea9faa5224f07') in 0.057176 seconds
  Import took 0.081852 seconds .

========================================================================
Received Import Request.
  Time since last request: 0.000474 seconds.
  path: Assets/European Buildings/FBX/bench_2_v_3.fbx
  artifactKey: Guid(904c5d53f8a7afd459ae56d31fdf3940) Importer(815301076,1909f56bfc062723c751e8b465ee728b)
Start importing Assets/European Buildings/FBX/bench_2_v_3.fbx using Guid(904c5d53f8a7afd459ae56d31fdf3940) Importer(815301076,1909f56bfc062723c751e8b465ee728b)  -> (artifact id: '9b589c650cc386a9c916298cd0789ab6') in 0.024666 seconds
  Import took 0.060271 seconds .

========================================================================
Received Import Request.
  Time since last request: 0.000291 seconds.
  path: Assets/European Buildings/FBX/street_lamp_2.fbx
  artifactKey: Guid(2667ec7ffbb9c3c45b39211afcc545b4) Importer(815301076,1909f56bfc062723c751e8b465ee728b)
Start importing Assets/European Buildings/FBX/street_lamp_2.fbx using Guid(2667ec7ffbb9c3c45b39211afcc545b4) Importer(815301076,1909f56bfc062723c751e8b465ee728b)  -> (artifact id: '26ce4549256db10b9b5a520aa8538ab8') in 0.065571 seconds
  Import took 0.084584 seconds .

========================================================================
Received Import Request.
  Time since last request: 0.000518 seconds.
  path: Assets/European Buildings/FBX/bench_2_v_2.fbx
  artifactKey: Guid(b7b25ddf67459694cbc4f58af76945b2) Importer(815301076,1909f56bfc062723c751e8b465ee728b)
Start importing Assets/European Buildings/FBX/bench_2_v_2.fbx using Guid(b7b25ddf67459694cbc4f58af76945b2) Importer(815301076,1909f56bfc062723c751e8b465ee728b)  -> (artifact id: 'f3cc184889bf02937236f08c492923cf') in 0.030682 seconds
  Import took 0.041751 seconds .

========================================================================
Received Import Request.
  Time since last request: 0.000815 seconds.
  path: Assets/European Buildings/FBX/table.fbx
  artifactKey: Guid(ff49baccaa8d9f84dae7815e8e7ba334) Importer(815301076,1909f56bfc062723c751e8b465ee728b)
Start importing Assets/European Buildings/FBX/table.fbx using Guid(ff49baccaa8d9f84dae7815e8e7ba334) Importer(815301076,1909f56bfc062723c751e8b465ee728b)  -> (artifact id: '16fc0bbc6c655eecf94e6264ef1c958a') in 0.052806 seconds
  Import took 0.062077 seconds .

========================================================================
Received Import Request.
  Time since last request: 0.000701 seconds.
  path: Assets/European Buildings/FBX/sign_2.fbx
  artifactKey: Guid(f5187519a9d0a8d438bd8fee8494ab4d) Importer(815301076,1909f56bfc062723c751e8b465ee728b)
Start importing Assets/European Buildings/FBX/sign_2.fbx using Guid(f5187519a9d0a8d438bd8fee8494ab4d) Importer(815301076,1909f56bfc062723c751e8b465ee728b)  -> (artifact id: '76f4f344ad5d80fd5f8bf7cd7221ace8') in 0.064861 seconds
  Import took 0.090813 seconds .

========================================================================
Received Import Request.
  Time since last request: 0.000694 seconds.
  path: Assets/European Buildings/FBX/building_5.fbx
  artifactKey: Guid(5ceb1c271ea02cd44a78e1a2afda13b9) Importer(815301076,1909f56bfc062723c751e8b465ee728b)
Start importing Assets/European Buildings/FBX/building_5.fbx using Guid(5ceb1c271ea02cd44a78e1a2afda13b9) Importer(815301076,1909f56bfc062723c751e8b465ee728b)  -> (artifact id: 'f54611e87a76c0cd8dc275aa2df70ca7') in 0.058479 seconds
  Import took 0.086339 seconds .

========================================================================
Received Import Request.
  Time since last request: 0.000419 seconds.
  path: Assets/European Buildings/FBX/building_4.fbx
  artifactKey: Guid(315e3a6a0f3a5cd40a796b1e64803e7c) Importer(815301076,1909f56bfc062723c751e8b465ee728b)
Start importing Assets/European Buildings/FBX/building_4.fbx using Guid(315e3a6a0f3a5cd40a796b1e64803e7c) Importer(815301076,1909f56bfc062723c751e8b465ee728b)  -> (artifact id: '94adcc6df5915433d1acfbd1f704cbb9') in 0.070066 seconds
  Import took 0.076088 seconds .

========================================================================
Received Import Request.
  Time since last request: 0.000471 seconds.
  path: Assets/European Buildings/FBX/bench_1_v_2.fbx
  artifactKey: Guid(e1d181c190253fb4397efbfe1ddeb4ac) Importer(815301076,1909f56bfc062723c751e8b465ee728b)
Start importing Assets/European Buildings/FBX/bench_1_v_2.fbx using Guid(e1d181c190253fb4397efbfe1ddeb4ac) Importer(815301076,1909f56bfc062723c751e8b465ee728b)  -> (artifact id: 'd444d45521f4e1130ff90e7e61a1d891') in 0.035654 seconds
  Import took 0.044277 seconds .

========================================================================
Received Import Request.
  Time since last request: 0.000505 seconds.
  path: Assets/European Buildings/FBX/building_1.fbx
  artifactKey: Guid(bbf8284e783b22c44acad8eef2458f8d) Importer(815301076,1909f56bfc062723c751e8b465ee728b)
Start importing Assets/European Buildings/FBX/building_1.fbx using Guid(bbf8284e783b22c44acad8eef2458f8d) Importer(815301076,1909f56bfc062723c751e8b465ee728b)  -> (artifact id: '80a96db5b0c1679d450c9a7b7eccc317') in 0.054246 seconds
  Import took 0.070969 seconds .

========================================================================
Received Import Request.
  Time since last request: 0.000106 seconds.
  path: Assets/European Buildings/FBX/road_intersection_T.fbx
  artifactKey: Guid(abcb5c077146eeb438401226766c2fe4) Importer(815301076,1909f56bfc062723c751e8b465ee728b)
Start importing Assets/European Buildings/FBX/road_intersection_T.fbx using Guid(abcb5c077146eeb438401226766c2fe4) Importer(815301076,1909f56bfc062723c751e8b465ee728b)  -> (artifact id: 'afa01d9cfb8bf02b730999d78b889ab1') in 0.051606 seconds
  Import took 0.057931 seconds .

========================================================================
Received Import Request.
  Time since last request: 0.000997 seconds.
  path: Assets/European Buildings/FBX/building_8.fbx
  artifactKey: Guid(37026fea9c0f20048bea5700b6d4b897) Importer(815301076,1909f56bfc062723c751e8b465ee728b)
Start importing Assets/European Buildings/FBX/building_8.fbx using Guid(37026fea9c0f20048bea5700b6d4b897) Importer(815301076,1909f56bfc062723c751e8b465ee728b)  -> (artifact id: '5f79fee57e6018e2734583ab2c95a14a') in 0.075666 seconds
  Import took 0.085818 seconds .

========================================================================
Received Import Request.
  Time since last request: 0.000240 seconds.
  path: Assets/European Buildings/FBX/sign_5.fbx
  artifactKey: Guid(a90384f4a91ab664dbcf4325186071b3) Importer(815301076,1909f56bfc062723c751e8b465ee728b)
Start importing Assets/European Buildings/FBX/sign_5.fbx using Guid(a90384f4a91ab664dbcf4325186071b3) Importer(815301076,1909f56bfc062723c751e8b465ee728b)  -> (artifact id: '91d9dc77530a53d5b4795f8be8ce32fa') in 0.028451 seconds
  Import took 0.034829 seconds .

========================================================================
Received Import Request.
  Time since last request: 0.000436 seconds.
  path: Assets/European Buildings/FBX/road.fbx
  artifactKey: Guid(a8081dad0949652458a38a771d5a7fa0) Importer(815301076,1909f56bfc062723c751e8b465ee728b)
Start importing Assets/European Buildings/FBX/road.fbx using Guid(a8081dad0949652458a38a771d5a7fa0) Importer(815301076,1909f56bfc062723c751e8b465ee728b)  -> (artifact id: 'a57efed9b33ba6a8b21c5f90bd72f5e8') in 0.023088 seconds
  Import took 0.029285 seconds .

========================================================================
Received Import Request.
  Time since last request: 0.000456 seconds.
  path: Assets/European Buildings/FBX/road_intersection_X.fbx
  artifactKey: Guid(a33e3c1e5a472d746b43b2054a9e1c2b) Importer(815301076,1909f56bfc062723c751e8b465ee728b)
Start importing Assets/European Buildings/FBX/road_intersection_X.fbx using Guid(a33e3c1e5a472d746b43b2054a9e1c2b) Importer(815301076,1909f56bfc062723c751e8b465ee728b)  -> (artifact id: '281b3400a884aff5671ff86ffab01446') in 0.025179 seconds
  Import took 0.030621 seconds .

========================================================================
Received Import Request.
  Time since last request: 0.000405 seconds.
  path: Assets/European Buildings/FBX/building_2.fbx
  artifactKey: Guid(3be7f824c95b00b43a3316d6c9c85f45) Importer(815301076,1909f56bfc062723c751e8b465ee728b)
Start importing Assets/European Buildings/FBX/building_2.fbx using Guid(3be7f824c95b00b43a3316d6c9c85f45) Importer(815301076,1909f56bfc062723c751e8b465ee728b)  -> (artifact id: '7acdfe444612532100250eba9fa271ce') in 0.046083 seconds
  Import took 0.052203 seconds .

========================================================================
Received Import Request.
  Time since last request: 54645.296107 seconds.
  path: Assets/European Buildings
  artifactKey: Guid(450b6000ae7d69f46a054000c640cce4) Importer(815301076,1909f56bfc062723c751e8b465ee728b)
Start importing Assets/European Buildings using Guid(450b6000ae7d69f46a054000c640cce4) Importer(815301076,1909f56bfc062723c751e8b465ee728b)  -> (artifact id: 'f984306f80f00b43b0e650479f2d4daf') in 0.179738 seconds
  Import took 1.590566 seconds .

========================================================================
Received Import Request.
  Time since last request: 60880.894108 seconds.
  path: Assets/FinishTrigger.cs
  artifactKey: Guid(843a38d1078700446b6ec08f1e81e8da) Importer(815301076,1909f56bfc062723c751e8b465ee728b)
Start importing Assets/FinishTrigger.cs using Guid(843a38d1078700446b6ec08f1e81e8da) Importer(815301076,1909f56bfc062723c751e8b465ee728b)  -> (artifact id: '8f4e23eb677b5dfe268c188f0272823e') in 3.981666 seconds
  Import took 5.346334 seconds .

========================================================================
Received Prepare
Registering precompiled user dll's ...
Registered in 0.300181 seconds.
Begin MonoManager ReloadAssembly
Native extension for WindowsStandalone target not found
Native extension for WebGL target not found
Refreshing native plugins compatible for Editor in 1.56 ms, found 2 plugins.
Preloading 0 native plugins for Editor in 0.00 ms.
Mono: successfully reloaded assembly
- Completed reload, in 11.302 seconds
Platform modules already initialized, skipping
Refreshing native plugins compatible for Editor in 1.07 ms, found 2 plugins.
Preloading 0 native plugins for Editor in 0.00 ms.
Unloading 1421 Unused Serialized files (Serialized files now loaded: 0)
System memory in use before: 86.0 MB.
System memory in use after: 86.1 MB.

Unloading 14 unused Assets to reduce memory usage. Loaded Objects now: 1912.
Total: 6.991800 ms (FindLiveObjects: 0.585000 ms CreateObjectMapping: 0.230200 ms MarkObjects: 5.723300 ms  DeleteObjects: 0.449200 ms)

========================================================================
Received Import Request.
  Time since last request: 865.246008 seconds.
  path: Assets/HalfPointTrigger.cs
  artifactKey: Guid(843a38d1078700446b6ec08f1e81e8da) Importer(815301076,1909f56bfc062723c751e8b465ee728b)
Start importing Assets/HalfPointTrigger.cs using Guid(843a38d1078700446b6ec08f1e81e8da) Importer(815301076,1909f56bfc062723c751e8b465ee728b)  -> (artifact id: 'aea4ffac0ae03fc395395c4574aaf663') in 0.141218 seconds
  Import took 0.147963 seconds .

========================================================================
Received Prepare
Registering precompiled user dll's ...
Registered in 0.112195 seconds.
Begin MonoManager ReloadAssembly
Native extension for WindowsStandalone target not found
Native extension for WebGL target not found
Refreshing native plugins compatible for Editor in 0.49 ms, found 2 plugins.
Preloading 0 native plugins for Editor in 0.00 ms.
Mono: successfully reloaded assembly
- Completed reload, in  3.312 seconds
Platform modules already initialized, skipping
Refreshing native plugins compatible for Editor in 3.06 ms, found 2 plugins.
Preloading 0 native plugins for Editor in 0.00 ms.
Unloading 1421 Unused Serialized files (Serialized files now loaded: 0)
System memory in use before: 86.1 MB.
System memory in use after: 86.1 MB.

Unloading 14 unused Assets to reduce memory usage. Loaded Objects now: 1915.
Total: 8.433700 ms (FindLiveObjects: 0.426600 ms CreateObjectMapping: 0.162600 ms MarkObjects: 7.555200 ms  DeleteObjects: 0.285800 ms)

========================================================================
Received Prepare
Registering precompiled user dll's ...
Registered in 0.005193 seconds.
Begin MonoManager ReloadAssembly
Native extension for WindowsStandalone target not found
Native extension for WebGL target not found
Refreshing native plugins compatible for Editor in 0.42 ms, found 2 plugins.
Preloading 0 native plugins for Editor in 0.00 ms.
Mono: successfully reloaded assembly
- Completed reload, in  1.954 seconds
Platform modules already initialized, skipping
Refreshing native plugins compatible for Editor in 0.70 ms, found 2 plugins.
Preloading 0 native plugins for Editor in 0.00 ms.
Unloading 1421 Unused Serialized files (Serialized files now loaded: 0)
System memory in use before: 86.1 MB.
System memory in use after: 86.1 MB.

Unloading 14 unused Assets to reduce memory usage. Loaded Objects now: 1918.
Total: 3.316400 ms (FindLiveObjects: 0.289100 ms CreateObjectMapping: 0.130500 ms MarkObjects: 2.776000 ms  DeleteObjects: 0.118300 ms)

========================================================================
Received Prepare
Registering precompiled user dll's ...
Registered in 0.008569 seconds.
Begin MonoManager ReloadAssembly
Native extension for WindowsStandalone target not found
Native extension for WebGL target not found
Refreshing native plugins compatible for Editor in 0.86 ms, found 2 plugins.
Preloading 0 native plugins for Editor in 0.00 ms.
Mono: successfully reloaded assembly
- Completed reload, in  2.093 seconds
Platform modules already initialized, skipping
Refreshing native plugins compatible for Editor in 0.69 ms, found 2 plugins.
Preloading 0 native plugins for Editor in 0.00 ms.
Unloading 1421 Unused Serialized files (Serialized files now loaded: 0)
System memory in use before: 86.1 MB.
System memory in use after: 86.2 MB.

Unloading 14 unused Assets to reduce memory usage. Loaded Objects now: 1921.
Total: 5.730500 ms (FindLiveObjects: 0.357000 ms CreateObjectMapping: 0.108300 ms MarkObjects: 4.838400 ms  DeleteObjects: 0.423800 ms)

========================================================================
Received Prepare
Registering precompiled user dll's ...
Registered in 0.004664 seconds.
Begin MonoManager ReloadAssembly
Native extension for WindowsStandalone target not found
Native extension for WebGL target not found
Refreshing native plugins compatible for Editor in 0.60 ms, found 2 plugins.
Preloading 0 native plugins for Editor in 0.00 ms.
Mono: successfully reloaded assembly
- Completed reload, in  2.500 seconds
Platform modules already initialized, skipping
Refreshing native plugins compatible for Editor in 1.12 ms, found 2 plugins.
Preloading 0 native plugins for Editor in 0.00 ms.
Unloading 1422 Unused Serialized files (Serialized files now loaded: 0)
System memory in use before: 86.1 MB.
System memory in use after: 86.2 MB.

Unloading 14 unused Assets to reduce memory usage. Loaded Objects now: 1925.
Total: 14.196200 ms (FindLiveObjects: 0.447700 ms CreateObjectMapping: 5.661100 ms MarkObjects: 7.893100 ms  DeleteObjects: 0.191500 ms)

========================================================================
Received Prepare
Registering precompiled user dll's ...
Registered in 0.073234 seconds.
Begin MonoManager ReloadAssembly
Native extension for WindowsStandalone target not found
Native extension for WebGL target not found
Refreshing native plugins compatible for Editor in 0.51 ms, found 2 plugins.
Preloading 0 native plugins for Editor in 0.00 ms.
Mono: successfully reloaded assembly
- Completed reload, in  2.718 seconds
Platform modules already initialized, skipping
Refreshing native plugins compatible for Editor in 0.39 ms, found 2 plugins.
Preloading 0 native plugins for Editor in 0.00 ms.
Unloading 1421 Unused Serialized files (Serialized files now loaded: 0)
System memory in use before: 86.1 MB.
System memory in use after: 86.2 MB.

Unloading 14 unused Assets to reduce memory usage. Loaded Objects now: 1927.
Total: 5.781400 ms (FindLiveObjects: 0.328700 ms CreateObjectMapping: 0.061000 ms MarkObjects: 5.248400 ms  DeleteObjects: 0.141200 ms)

========================================================================
Received Prepare
Registering precompiled user dll's ...
Registered in 0.015667 seconds.
Begin MonoManager ReloadAssembly
Native extension for WindowsStandalone target not found
Native extension for WebGL target not found
Refreshing native plugins compatible for Editor in 1.43 ms, found 2 plugins.
Preloading 0 native plugins for Editor in 0.00 ms.
Mono: successfully reloaded assembly
- Completed reload, in  2.341 seconds
Platform modules already initialized, skipping
Refreshing native plugins compatible for Editor in 0.60 ms, found 2 plugins.
Preloading 0 native plugins for Editor in 0.00 ms.
Unloading 1421 Unused Serialized files (Serialized files now loaded: 0)
System memory in use before: 86.1 MB.
System memory in use after: 86.2 MB.

Unloading 14 unused Assets to reduce memory usage. Loaded Objects now: 1930.
Total: 4.843500 ms (FindLiveObjects: 0.284600 ms CreateObjectMapping: 0.118200 ms MarkObjects: 4.244200 ms  DeleteObjects: 0.190400 ms)

========================================================================
Received Prepare
Registering precompiled user dll's ...
Registered in 0.010683 seconds.
Begin MonoManager ReloadAssembly
Native extension for WindowsStandalone target not found
Native extension for WebGL target not found
Refreshing native plugins compatible for Editor in 0.41 ms, found 2 plugins.
Preloading 0 native plugins for Editor in 0.00 ms.
Mono: successfully reloaded assembly
- Completed reload, in  2.131 seconds
Platform modules already initialized, skipping
Refreshing native plugins compatible for Editor in 0.63 ms, found 2 plugins.
Preloading 0 native plugins for Editor in 0.00 ms.
Unloading 1421 Unused Serialized files (Serialized files now loaded: 0)
System memory in use before: 86.1 MB.
System memory in use after: 86.2 MB.

Unloading 14 unused Assets to reduce memory usage. Loaded Objects now: 1933.
Total: 3.051700 ms (FindLiveObjects: 0.311300 ms CreateObjectMapping: 0.205500 ms MarkObjects: 2.372200 ms  DeleteObjects: 0.160800 ms)

========================================================================
Received Prepare
Registering precompiled user dll's ...
Registered in 0.008301 seconds.
Begin MonoManager ReloadAssembly
Native extension for WindowsStandalone target not found
Native extension for WebGL target not found
Refreshing native plugins compatible for Editor in 0.46 ms, found 2 plugins.
Preloading 0 native plugins for Editor in 0.00 ms.
Mono: successfully reloaded assembly
- Completed reload, in  1.274 seconds
Platform modules already initialized, skipping
Refreshing native plugins compatible for Editor in 0.56 ms, found 2 plugins.
Preloading 0 native plugins for Editor in 0.00 ms.
Unloading 1421 Unused Serialized files (Serialized files now loaded: 0)
System memory in use before: 86.1 MB.
System memory in use after: 86.2 MB.

Unloading 14 unused Assets to reduce memory usage. Loaded Objects now: 1936.
Total: 3.499900 ms (FindLiveObjects: 0.255200 ms CreateObjectMapping: 0.088000 ms MarkObjects: 3.001900 ms  DeleteObjects: 0.152900 ms)

========================================================================
Received Import Request.
  Time since last request: 798.916735 seconds.
  path: Assets/New Terrain 1.asset
  artifactKey: Guid(38936fa33c384f9498dd9fa847db79d3) Importer(815301076,1909f56bfc062723c751e8b465ee728b)
Start importing Assets/New Terrain 1.asset using Guid(38936fa33c384f9498dd9fa847db79d3) Importer(815301076,1909f56bfc062723c751e8b465ee728b)  -> (artifact id: 'b3dab55d4747d4dd1df24068b56f4d5d') in 0.658463 seconds
  Import took 0.662333 seconds .

========================================================================
Received Import Request.
  Time since last request: 1.171641 seconds.
  path: Assets/New Terrain 1.asset
  artifactKey: Guid(38936fa33c384f9498dd9fa847db79d3) Importer(815301076,1909f56bfc062723c751e8b465ee728b)
Start importing Assets/New Terrain 1.asset using Guid(38936fa33c384f9498dd9fa847db79d3) Importer(815301076,1909f56bfc062723c751e8b465ee728b)  -> (artifact id: 'b3dab55d4747d4dd1df24068b56f4d5d') in 0.021894 seconds
  Import took 0.026299 seconds .

========================================================================
Received Prepare
Registering precompiled user dll's ...
Registered in 0.006106 seconds.
Begin MonoManager ReloadAssembly
Native extension for WindowsStandalone target not found
Native extension for WebGL target not found
Refreshing native plugins compatible for Editor in 0.44 ms, found 2 plugins.
Preloading 0 native plugins for Editor in 0.00 ms.
Mono: successfully reloaded assembly
- Completed reload, in  2.654 seconds
Platform modules already initialized, skipping
Refreshing native plugins compatible for Editor in 1.04 ms, found 2 plugins.
Preloading 0 native plugins for Editor in 0.00 ms.
Unloading 1421 Unused Serialized files (Serialized files now loaded: 0)
System memory in use before: 86.1 MB.
System memory in use after: 86.2 MB.

Unloading 14 unused Assets to reduce memory usage. Loaded Objects now: 1940.
Total: 8.477700 ms (FindLiveObjects: 0.778200 ms CreateObjectMapping: 0.174700 ms MarkObjects: 7.212900 ms  DeleteObjects: 0.307100 ms)

========================================================================
Received Prepare
Registering precompiled user dll's ...
Registered in 0.004199 seconds.
Begin MonoManager ReloadAssembly
Native extension for WindowsStandalone target not found
Native extension for WebGL target not found
Refreshing native plugins compatible for Editor in 0.65 ms, found 2 plugins.
Preloading 0 native plugins for Editor in 0.00 ms.
Mono: successfully reloaded assembly
- Completed reload, in  1.829 seconds
Platform modules already initialized, skipping
Refreshing native plugins compatible for Editor in 0.39 ms, found 2 plugins.
Preloading 0 native plugins for Editor in 0.00 ms.
Unloading 1421 Unused Serialized files (Serialized files now loaded: 0)
System memory in use before: 86.1 MB.
System memory in use after: 86.2 MB.

Unloading 14 unused Assets to reduce memory usage. Loaded Objects now: 1943.
Total: 2.946400 ms (FindLiveObjects: 0.195800 ms CreateObjectMapping: 0.048600 ms MarkObjects: 2.601400 ms  DeleteObjects: 0.099000 ms)

========================================================================
Received Prepare
Registering precompiled user dll's ...
Registered in 0.008778 seconds.
Begin MonoManager ReloadAssembly
Native extension for WindowsStandalone target not found
Native extension for WebGL target not found
Refreshing native plugins compatible for Editor in 1.19 ms, found 2 plugins.
Preloading 0 native plugins for Editor in 0.00 ms.
Mono: successfully reloaded assembly
- Completed reload, in  2.724 seconds
Platform modules already initialized, skipping
Refreshing native plugins compatible for Editor in 0.38 ms, found 2 plugins.
Preloading 0 native plugins for Editor in 0.00 ms.
Unloading 1421 Unused Serialized files (Serialized files now loaded: 0)
System memory in use before: 86.2 MB.
System memory in use after: 86.2 MB.

Unloading 14 unused Assets to reduce memory usage. Loaded Objects now: 1946.
Total: 4.157500 ms (FindLiveObjects: 0.187200 ms CreateObjectMapping: 0.129700 ms MarkObjects: 3.685100 ms  DeleteObjects: 0.153600 ms)

========================================================================
Received Import Request.
  Time since last request: 1316.978097 seconds.
  path: Assets/New Terrain 1.asset
  artifactKey: Guid(38936fa33c384f9498dd9fa847db79d3) Importer(815301076,1909f56bfc062723c751e8b465ee728b)
Start importing Assets/New Terrain 1.asset using Guid(38936fa33c384f9498dd9fa847db79d3) Importer(815301076,1909f56bfc062723c751e8b465ee728b)  -> (artifact id: '3f661bc8f8fcd1fecb62567006f6347e') in 0.116649 seconds
  Import took 0.120228 seconds .

========================================================================
Received Prepare
Registering precompiled user dll's ...
Registered in 0.193415 seconds.
Begin MonoManager ReloadAssembly
Native extension for WindowsStandalone target not found
Native extension for WebGL target not found
Refreshing native plugins compatible for Editor in 39.89 ms, found 2 plugins.
Preloading 0 native plugins for Editor in 0.00 ms.
Mono: successfully reloaded assembly
- Completed reload, in  9.245 seconds
Platform modules already initialized, skipping
Refreshing native plugins compatible for Editor in 1.01 ms, found 2 plugins.
Preloading 0 native plugins for Editor in 0.00 ms.
Unloading 1421 Unused Serialized files (Serialized files now loaded: 0)
System memory in use before: 86.2 MB.
System memory in use after: 86.2 MB.

Unloading 14 unused Assets to reduce memory usage. Loaded Objects now: 1949.
Total: 28.063000 ms (FindLiveObjects: 0.521900 ms CreateObjectMapping: 0.173800 ms MarkObjects: 15.046400 ms  DeleteObjects: 12.316100 ms)

========================================================================
Received Prepare
Registering precompiled user dll's ...
Registered in 0.040844 seconds.
Begin MonoManager ReloadAssembly
Native extension for WindowsStandalone target not found
Native extension for WebGL target not found
Refreshing native plugins compatible for Editor in 1.54 ms, found 2 plugins.
Preloading 0 native plugins for Editor in 0.00 ms.
Mono: successfully reloaded assembly
- Completed reload, in  8.490 seconds
Platform modules already initialized, skipping
Refreshing native plugins compatible for Editor in 0.95 ms, found 2 plugins.
Preloading 0 native plugins for Editor in 0.00 ms.
Unloading 1421 Unused Serialized files (Serialized files now loaded: 0)
System memory in use before: 86.2 MB.
System memory in use after: 86.2 MB.

Unloading 14 unused Assets to reduce memory usage. Loaded Objects now: 1952.
Total: 38.992000 ms (FindLiveObjects: 0.807300 ms CreateObjectMapping: 0.455100 ms MarkObjects: 36.245800 ms  DeleteObjects: 1.474900 ms)

========================================================================
Received Prepare
Registering precompiled user dll's ...
Registered in 0.006274 seconds.
Begin MonoManager ReloadAssembly
Native extension for WindowsStandalone target not found
Native extension for WebGL target not found
Refreshing native plugins compatible for Editor in 0.73 ms, found 2 plugins.
Preloading 0 native plugins for Editor in 0.00 ms.
Mono: successfully reloaded assembly
- Completed reload, in  3.294 seconds
Platform modules already initialized, skipping
Refreshing native plugins compatible for Editor in 0.71 ms, found 2 plugins.
Preloading 0 native plugins for Editor in 0.00 ms.
Unloading 1421 Unused Serialized files (Serialized files now loaded: 0)
System memory in use before: 86.2 MB.
System memory in use after: 86.2 MB.

Unloading 14 unused Assets to reduce memory usage. Loaded Objects now: 1955.
Total: 4.925300 ms (FindLiveObjects: 0.337200 ms CreateObjectMapping: 0.102000 ms MarkObjects: 4.257100 ms  DeleteObjects: 0.226700 ms)

========================================================================
Received Import Request.
  Time since last request: 32959.740768 seconds.
  path: Assets/LevelOne.unity
  artifactKey: Guid(b208f53a4dbe3624e92b64f075dfbfa2) Importer(815301076,1909f56bfc062723c751e8b465ee728b)
Start importing Assets/LevelOne.unity using Guid(b208f53a4dbe3624e92b64f075dfbfa2) Importer(815301076,1909f56bfc062723c751e8b465ee728b)  -> (artifact id: 'a058a5448770ccdf96ab873062e982f7') in 0.423022 seconds
  Import took 0.575767 seconds .

========================================================================
Received Prepare
Registering precompiled user dll's ...
Registered in 0.016196 seconds.
Begin MonoManager ReloadAssembly
Native extension for WindowsStandalone target not found
Native extension for WebGL target not found
Refreshing native plugins compatible for Editor in 1.09 ms, found 2 plugins.
Preloading 0 native plugins for Editor in 0.00 ms.
Mono: successfully reloaded assembly
- Completed reload, in  2.488 seconds
Platform modules already initialized, skipping
Refreshing native plugins compatible for Editor in 0.40 ms, found 2 plugins.
Preloading 0 native plugins for Editor in 0.00 ms.
Unloading 1421 Unused Serialized files (Serialized files now loaded: 0)
System memory in use before: 86.2 MB.
System memory in use after: 86.3 MB.

Unloading 14 unused Assets to reduce memory usage. Loaded Objects now: 1958.
Total: 3.061200 ms (FindLiveObjects: 0.186100 ms CreateObjectMapping: 0.066400 ms MarkObjects: 2.705300 ms  DeleteObjects: 0.101900 ms)

========================================================================
Received Prepare
Registering precompiled user dll's ...
Registered in 0.009522 seconds.
Begin MonoManager ReloadAssembly
Native extension for WindowsStandalone target not found
Native extension for WebGL target not found
Refreshing native plugins compatible for Editor in 0.42 ms, found 2 plugins.
Preloading 0 native plugins for Editor in 0.00 ms.
Mono: successfully reloaded assembly
- Completed reload, in  2.047 seconds
Platform modules already initialized, skipping
Refreshing native plugins compatible for Editor in 0.87 ms, found 2 plugins.
Preloading 0 native plugins for Editor in 0.00 ms.
Unloading 1421 Unused Serialized files (Serialized files now loaded: 0)
System memory in use before: 86.2 MB.
System memory in use after: 86.3 MB.

Unloading 14 unused Assets to reduce memory usage. Loaded Objects now: 1961.
Total: 18.648100 ms (FindLiveObjects: 6.281100 ms CreateObjectMapping: 0.358300 ms MarkObjects: 11.076000 ms  DeleteObjects: 0.928600 ms)

========================================================================
Received Prepare
Registering precompiled user dll's ...
Registered in 2.864187 seconds.
Begin MonoManager ReloadAssembly
Native extension for WindowsStandalone target not found
Native extension for WebGL target not found
Refreshing native plugins compatible for Editor in 20.50 ms, found 2 plugins.
Preloading 0 native plugins for Editor in 0.00 ms.
Mono: successfully reloaded assembly
- Completed reload, in 27.053 seconds
Platform modules already initialized, skipping
Refreshing native plugins compatible for Editor in 1.09 ms, found 2 plugins.
Preloading 0 native plugins for Editor in 0.00 ms.
Unloading 1421 Unused Serialized files (Serialized files now loaded: 0)
System memory in use before: 86.2 MB.
System memory in use after: 86.3 MB.

Unloading 14 unused Assets to reduce memory usage. Loaded Objects now: 1964.
Total: 51.559900 ms (FindLiveObjects: 0.263000 ms CreateObjectMapping: 0.092800 ms MarkObjects: 50.507300 ms  DeleteObjects: 0.693400 ms)

